0 info it worked if it ends with ok
1 verbose cli [ '/usr/bin/node',
1 verbose cli   '/usr/bin/npm',
1 verbose cli   'install',
1 verbose cli   'karma-ng-html2js',
1 verbose cli   '--save-dev' ]
2 info using npm@1.4.28
3 info using node@v0.10.33
4 verbose node symlink /usr/bin/node
5 warn package.json nihongo3-14@ No repository field.
6 warn package.json karma-chrome-launcher@0.1.5 No README data
7 verbose readDependencies using package.json deps
8 verbose cache add [ 'karma-ng-html2js', null ]
9 verbose cache add name=undefined spec="karma-ng-html2js" args=["karma-ng-html2js",null]
10 verbose parsed url { protocol: null,
10 verbose parsed url   slashes: null,
10 verbose parsed url   auth: null,
10 verbose parsed url   host: null,
10 verbose parsed url   port: null,
10 verbose parsed url   hostname: null,
10 verbose parsed url   hash: null,
10 verbose parsed url   search: null,
10 verbose parsed url   query: null,
10 verbose parsed url   pathname: 'karma-ng-html2js',
10 verbose parsed url   path: 'karma-ng-html2js',
10 verbose parsed url   href: 'karma-ng-html2js' }
11 silly lockFile 937ac8b2-karma-ng-html2js karma-ng-html2js
12 verbose lock karma-ng-html2js /home/vincent/.npm/937ac8b2-karma-ng-html2js.lock
13 silly lockFile 937ac8b2-karma-ng-html2js karma-ng-html2js
14 silly lockFile 937ac8b2-karma-ng-html2js karma-ng-html2js
15 verbose addNamed [ 'karma-ng-html2js', '' ]
16 verbose addNamed [ null, '*' ]
17 silly lockFile ac1e55e4-karma-ng-html2js karma-ng-html2js@
18 verbose lock karma-ng-html2js@ /home/vincent/.npm/ac1e55e4-karma-ng-html2js.lock
19 silly addNameRange { name: 'karma-ng-html2js', range: '*', hasData: false }
20 verbose request where is /karma-ng-html2js
21 verbose request registry https://registry.npmjs.org/
22 verbose request id 6f2d4ad813de377a
23 verbose url raw /karma-ng-html2js
24 verbose url resolving [ 'https://registry.npmjs.org/', './karma-ng-html2js' ]
25 verbose url resolved https://registry.npmjs.org/karma-ng-html2js
26 verbose request where is https://registry.npmjs.org/karma-ng-html2js
27 info trying registry request attempt 1 at 17:08:22
28 http GET https://registry.npmjs.org/karma-ng-html2js
29 http 404 https://registry.npmjs.org/karma-ng-html2js
30 verbose headers { date: 'Sat, 29 Nov 2014 16:08:23 GMT',
30 verbose headers   server: 'CouchDB/1.5.0 (Erlang OTP/R16B03)',
30 verbose headers   'content-type': 'application/json',
30 verbose headers   'cache-control': 'max-age=0',
30 verbose headers   'content-length': '52',
30 verbose headers   'accept-ranges': 'bytes',
30 verbose headers   via: '1.1 varnish',
30 verbose headers   age: '0',
30 verbose headers   'x-served-by': 'cache-ams4149-AMS',
30 verbose headers   'x-cache': 'MISS',
30 verbose headers   'x-cache-hits': '0',
30 verbose headers   'x-timer': 'S1417277302.751362,VS0,VE920',
30 verbose headers   'keep-alive': 'timeout=10, max=50',
30 verbose headers   connection: 'Keep-Alive' }
31 silly registry.get cb [ 404,
31 silly registry.get   { date: 'Sat, 29 Nov 2014 16:08:23 GMT',
31 silly registry.get     server: 'CouchDB/1.5.0 (Erlang OTP/R16B03)',
31 silly registry.get     'content-type': 'application/json',
31 silly registry.get     'cache-control': 'max-age=0',
31 silly registry.get     'content-length': '52',
31 silly registry.get     'accept-ranges': 'bytes',
31 silly registry.get     via: '1.1 varnish',
31 silly registry.get     age: '0',
31 silly registry.get     'x-served-by': 'cache-ams4149-AMS',
31 silly registry.get     'x-cache': 'MISS',
31 silly registry.get     'x-cache-hits': '0',
31 silly registry.get     'x-timer': 'S1417277302.751362,VS0,VE920',
31 silly registry.get     'keep-alive': 'timeout=10, max=50',
31 silly registry.get     connection: 'Keep-Alive' } ]
32 silly lockFile ac1e55e4-karma-ng-html2js karma-ng-html2js@
33 silly lockFile ac1e55e4-karma-ng-html2js karma-ng-html2js@
34 error 404 404 Not Found: karma-ng-html2js
34 error 404
34 error 404 'karma-ng-html2js' is not in the npm registry.
34 error 404 You should bug the author to publish it
34 error 404 It was specified as a dependency of 'nihongo3-14'
34 error 404
34 error 404 Note that you can also install from a
34 error 404 tarball, folder, or http url, or git url.
35 error System Linux 3.13.0-24-generic
36 error command "/usr/bin/node" "/usr/bin/npm" "install" "karma-ng-html2js" "--save-dev"
37 error cwd /mnt/data2/git_repo/nihongo3.14
38 error node -v v0.10.33
39 error npm -v 1.4.28
40 error code E404
41 verbose exit [ 1, true ]
